0 info it worked if it ends with ok
1 verbose cli [
1 verbose cli   'D:\\Program Files\\NodeJS\\node.exe',
1 verbose cli   'D:\\Program Files\\NodeJS\\node_modules\\npm\\bin\\npm-cli.js',
1 verbose cli   'run',
1 verbose cli   'start'
1 verbose cli ]
2 info using npm@6.14.8
3 info using node@v12.19.0
4 verbose stack Error: ENOENT: no such file or directory, open 'D:\prova_shift\prova.shift.rodolfo\frontend\package.json'
5 verbose cwd D:\prova_shift\prova.shift.rodolfo\frontend
6 verbose Windows_NT 10.0.19042
7 verbose argv "D:\\Program Files\\NodeJS\\node.exe" "D:\\Program Files\\NodeJS\\node_modules\\npm\\bin\\npm-cli.js" "run" "start"
8 verbose node v12.19.0
9 verbose npm  v6.14.8
10 error code ENOENT
11 error syscall open
12 error path D:\prova_shift\prova.shift.rodolfo\frontend\package.json
13 error errno -4058
14 error enoent ENOENT: no such file or directory, open 'D:\prova_shift\prova.shift.rodolfo\frontend\package.json'
15 error enoent This is related to npm not being able to find a file.
16 verbose exit [ -4058, true ]
